<?xml version="1.0" encoding="UTF-8"?>
<!-- Generated by org.testng.reporters.JUnitReportReporter -->
<testsuite hostname="DESKTOP-UT1CFVO" failures="0" tests="3" name="main.Main" time="75.723" errors="0" timestamp="2023-06-10T23:00:41 IST" skipped="0">
  <testcase classname="main.Main" name="registrationRun" time="25.068"/>
  <system-out/>
  <testcase classname="main.Main" name="loginRun" time="9.266"/>
  <system-out/>
  <testcase classname="main.Main" name="profileRun" time="41.389"/>
  <system-out/>
</testsuite> <!-- main.Main -->
