<?xml version="1.0" encoding="UTF-8"?>
<!-- Generated by org.testng.reporters.JUnitReportReporter -->
<testsuite hostname="DESKTOP-UT1CFVO" failures="0" tests="2" name="main.Main" time="73.271" errors="0" timestamp="2023-06-12T21:39:05 IST" skipped="0">
  <testcase classname="main.Main" name="temp" time="11.360"/>
  <system-out/>
  <testcase classname="main.Main" name="searchRun" time="61.911"/>
  <system-out/>
</testsuite> <!-- main.Main -->
