<?xml version="1.0" encoding="UTF-8"?>
<!-- Generated by org.testng.reporters.JUnitReportReporter -->
<testsuite hostname="DESKTOP-UT1CFVO" failures="0" tests="7" name="main.Main" time="208.683" errors="0" timestamp="2023-06-13T10:16:46 IST" skipped="0">
  <testcase classname="main.Main" name="registrationRun" time="25.088"/>
  <system-out/>
  <testcase classname="main.Main" name="loginRun" time="7.915"/>
  <system-out/>
  <testcase classname="main.Main" name="profileRun" time="38.253"/>
  <system-out/>
  <testcase classname="main.Main" name="searchRun" time="99.875"/>
  <system-out/>
  <testcase classname="main.Main" name="savedJobs" time="13.650"/>
  <system-out/>
  <testcase classname="main.Main" name="companies" time="16.593"/>
  <system-out/>
  <testcase classname="main.Main" name="logout" time="7.309"/>
  <system-out/>
</testsuite> <!-- main.Main -->
