<?xml version="1.0" encoding="UTF-8"?>
<!-- Generated by org.testng.reporters.JUnitReportReporter -->
<testsuite hostname="DESKTOP-UT1CFVO" failures="0" tests="2" name="main.Main" time="141.039" errors="0" timestamp="2023-06-12T23:59:18 IST" skipped="0">
  <testcase classname="main.Main" name="temp" time="7.595"/>
  <system-out/>
  <testcase classname="main.Main" name="searchRun" time="133.444"/>
  <system-out/>
</testsuite> <!-- main.Main -->
