<?xml version="1.0" encoding="UTF-8"?>
<!-- Generated by org.testng.reporters.JUnitReportReporter -->
<testsuite hostname="DESKTOP-UT1CFVO" failures="0" tests="3" name="main.Main" time="75.092" errors="0" timestamp="2023-06-11T16:59:46 IST" skipped="0">
  <testcase classname="main.Main" name="registrationRun" time="26.767"/>
  <system-out/>
  <testcase classname="main.Main" name="loginRun" time="9.546"/>
  <system-out/>
  <testcase classname="main.Main" name="profileRun" time="38.779"/>
  <system-out/>
</testsuite> <!-- main.Main -->
