<?xml version="1.0" encoding="UTF-8"?>
<!-- Generated by org.testng.reporters.JUnitReportReporter -->
<testsuite hostname="DESKTOP-UT1CFVO" failures="0" tests="1" name="main.Main" time="21.225" errors="0" timestamp="2023-06-10T15:49:54 IST" skipped="0">
  <testcase classname="main.Main" name="registrationTest" time="21.225"/>
  <system-out/>
</testsuite> <!-- main.Main -->
