<?xml version="1.0" encoding="UTF-8"?>
<!-- Generated by org.testng.reporters.JUnitReportReporter -->
<testsuite hostname="DESKTOP-UT1CFVO" failures="0" tests="3" name="main.Main" time="31.808" errors="0" timestamp="2023-06-13T08:31:24 IST" skipped="0">
  <testcase classname="main.Main" name="temp" time="7.772"/>
  <system-out/>
  <testcase classname="main.Main" name="companies" time="16.727"/>
  <system-out/>
  <testcase classname="main.Main" name="logout" time="7.309"/>
  <system-out/>
</testsuite> <!-- main.Main -->
