<?xml version="1.0" encoding="UTF-8"?>
<!-- Generated by org.testng.reporters.JUnitReportReporter -->
<testsuite hostname="DESKTOP-UT1CFVO" failures="0" tests="2" name="main.Main" time="119.926" errors="0" timestamp="2023-06-13T09:47:38 IST" skipped="0">
  <testcase classname="main.Main" name="temp" time="7.891"/>
  <system-out/>
  <testcase classname="main.Main" name="searchRun" time="112.035"/>
  <system-out/>
</testsuite> <!-- main.Main -->
